\BOOKMARK [1][-]{section.1}{\376\377\0001\000\040\000I\000n\000t\000r\000o\000d\000u\000c\000t\000i\000o\000n}{}% 1
\BOOKMARK [2][-]{subsection.1.1}{\376\377\0001\000.\0001\000\040\000E\000n\000t\000r\000o\000p\000y\000-\000R\000e\000g\000u\000l\000a\000r\000i\000z\000e\000d\000\040\000R\000o\000u\000t\000i\000n\000g}{section.1}% 2
\BOOKMARK [2][-]{subsection.1.2}{\376\377\0001\000.\0002\000\040\000C\000o\000n\000t\000r\000i\000b\000u\000t\000i\000o\000n\000s}{section.1}% 3
\BOOKMARK [2][-]{subsection.1.3}{\376\377\0001\000.\0003\000\040\000P\000a\000p\000e\000r\000\040\000O\000r\000g\000a\000n\000i\000z\000a\000t\000i\000o\000n}{section.1}% 4
\BOOKMARK [1][-]{section.2}{\376\377\0002\000\040\000R\000e\000l\000a\000t\000e\000d\000\040\000W\000o\000r\000k}{}% 5
\BOOKMARK [2][-]{subsection.2.1}{\376\377\0002\000.\0001\000\040\000C\000l\000a\000s\000s\000i\000c\000a\000l\000\040\000P\000a\000r\000a\000l\000l\000e\000l\000-\000Q\000u\000e\000u\000e\000\040\000R\000o\000u\000t\000i\000n\000g}{section.2}% 6
\BOOKMARK [2][-]{subsection.2.2}{\376\377\0002\000.\0002\000\040\000M\000a\000x\000W\000e\000i\000g\000h\000t\000\040\000a\000n\000d\000\040\000L\000y\000a\000p\000u\000n\000o\000v\000-\000B\000a\000s\000e\000d\000\040\000S\000c\000h\000e\000d\000u\000l\000i\000n\000g}{section.2}% 7
\BOOKMARK [2][-]{subsection.2.3}{\376\377\0002\000.\0003\000\040\000S\000o\000f\000t\000m\000a\000x\000\040\000a\000n\000d\000\040\000E\000n\000t\000r\000o\000p\000y\000\040\000R\000e\000g\000u\000l\000a\000r\000i\000z\000a\000t\000i\000o\000n}{section.2}% 8
\BOOKMARK [2][-]{subsection.2.4}{\376\377\0002\000.\0004\000\040\000F\000o\000s\000t\000e\000r\040\023\000L\000y\000a\000p\000u\000n\000o\000v\000\040\000M\000e\000t\000h\000o\000d\000s\000\040\000f\000o\000r\000\040\000Q\000u\000e\000u\000e\000i\000n\000g\000\040\000S\000t\000a\000b\000i\000l\000i\000t\000y}{section.2}% 9
\BOOKMARK [2][-]{subsection.2.5}{\376\377\0002\000.\0005\000\040\000I\000m\000i\000t\000a\000t\000i\000o\000n\000\040\000L\000e\000a\000r\000n\000i\000n\000g\000\040\000a\000n\000d\000\040\000B\000e\000h\000a\000v\000i\000o\000r\000\040\000C\000l\000o\000n\000i\000n\000g}{section.2}% 10
\BOOKMARK [2][-]{subsection.2.6}{\376\377\0002\000.\0006\000\040\000R\000L\000\040\000f\000o\000r\000\040\000Q\000u\000e\000u\000e\000i\000n\000g\000\040\000a\000n\000d\000\040\000R\000e\000s\000o\000u\000r\000c\000e\000\040\000A\000l\000l\000o\000c\000a\000t\000i\000o\000n}{section.2}% 11
\BOOKMARK [2][-]{subsection.2.7}{\376\377\0002\000.\0007\000\040\000M\000e\000a\000n\000-\000F\000i\000e\000l\000d\000\040\000A\000p\000p\000r\000o\000x\000i\000m\000a\000t\000i\000o\000n\000s}{section.2}% 12
\BOOKMARK [2][-]{subsection.2.8}{\376\377\0002\000.\0008\000\040\000P\000o\000s\000i\000t\000i\000o\000n\000i\000n\000g}{section.2}% 13
\BOOKMARK [1][-]{section.3}{\376\377\0003\000\040\000Q\000u\000e\000u\000e\000i\000n\000g\000\040\000M\000o\000d\000e\000l\000\040\000a\000n\000d\000\040\000P\000r\000o\000b\000l\000e\000m\000\040\000F\000o\000r\000m\000u\000l\000a\000t\000i\000o\000n}{}% 14
\BOOKMARK [2][-]{subsection.3.1}{\376\377\0003\000.\0001\000\040\000S\000y\000s\000t\000e\000m\000\040\000M\000o\000d\000e\000l}{section.3}% 15
\BOOKMARK [2][-]{subsection.3.2}{\376\377\0003\000.\0002\000\040\000R\000o\000u\000t\000i\000n\000g\000\040\000P\000r\000o\000b\000l\000e\000m}{section.3}% 16
\BOOKMARK [2][-]{subsection.3.3}{\376\377\0003\000.\0003\000\040\000P\000o\000l\000i\000c\000y\000\040\000C\000l\000a\000s\000s\000e\000s}{section.3}% 17
\BOOKMARK [2][-]{subsection.3.4}{\376\377\0003\000.\0004\000\040\000S\000t\000a\000b\000i\000l\000i\000t\000y\000\040\000F\000r\000a\000m\000e\000w\000o\000r\000k}{section.3}% 18
\BOOKMARK [2][-]{subsection.3.5}{\376\377\0003\000.\0005\000\040\000N\000o\000t\000a\000t\000i\000o\000n\000\040\000S\000u\000m\000m\000a\000r\000y}{section.3}% 19
\BOOKMARK [1][-]{section.4}{\376\377\0004\000\040\000R\000a\000w\000\040\000S\000o\000f\000t\000m\000a\000x\000:\000\040\000S\000t\000a\000b\000i\000l\000i\000t\000y\000\040\000T\000h\000e\000o\000r\000e\000m\000\040\000a\000n\000d\000\040\000P\000r\000o\000o\000f}{}% 20
\BOOKMARK [2][-]{subsection.4.1}{\376\377\0004\000.\0001\000\040\000R\000o\000u\000t\000i\000n\000g\000\040\000L\000a\000w}{section.4}% 21
\BOOKMARK [2][-]{subsection.4.2}{\376\377\0004\000.\0002\000\040\000T\000h\000e\000o\000r\000e\000m\000\040\000S\000t\000a\000t\000e\000m\000e\000n\000t}{section.4}% 22
\BOOKMARK [2][-]{subsection.4.3}{\376\377\0004\000.\0003\000\040\000P\000r\000o\000o\000f}{section.4}% 23
\BOOKMARK [2][-]{subsection.4.4}{\376\377\0004\000.\0004\000\040\000D\000i\000s\000c\000u\000s\000s\000i\000o\000n}{section.4}% 24
\BOOKMARK [1][-]{section.5}{\376\377\0005\000\040\000U\000n\000i\000f\000i\000e\000d\000\040\000A\000r\000c\000h\000i\000m\000e\000d\000e\000a\000n\000\040\000S\000o\000f\000t\000m\000a\000x\000:\000\040\000S\000t\000a\000b\000i\000l\000i\000t\000y\000\040\000T\000h\000e\000o\000r\000e\000m\000\040\000a\000n\000d\000\040\000P\000r\000o\000o\000f}{}% 25
\BOOKMARK [2][-]{subsection.5.1}{\376\377\0005\000.\0001\000\040\000U\000A\000S\000\040\000R\000o\000u\000t\000i\000n\000g\000\040\000L\000a\000w}{section.5}% 26
\BOOKMARK [2][-]{subsection.5.2}{\376\377\0005\000.\0002\000\040\000V\000a\000r\000i\000a\000t\000i\000o\000n\000a\000l\000\040\000F\000o\000r\000m}{section.5}% 27
\BOOKMARK [2][-]{subsection.5.3}{\376\377\0005\000.\0003\000\040\000S\000t\000r\000u\000c\000t\000u\000r\000a\000l\000\040\000I\000n\000t\000e\000r\000p\000r\000e\000t\000a\000t\000i\000o\000n}{section.5}% 28
\BOOKMARK [2][-]{subsection.5.4}{\376\377\0005\000.\0004\000\040\000L\000y\000a\000p\000u\000n\000o\000v\000\040\000A\000r\000g\000u\000m\000e\000n\000t}{section.5}% 29
\BOOKMARK [2][-]{subsection.5.5}{\376\377\0005\000.\0005\000\040\000M\000a\000i\000n\000\040\000T\000h\000e\000o\000r\000e\000m\000\040\000a\000n\000d\000\040\000P\000r\000o\000o\000f}{section.5}% 30
\BOOKMARK [2][-]{subsection.5.6}{\376\377\0005\000.\0006\000\040\000D\000i\000s\000c\000u\000s\000s\000i\000o\000n}{section.5}% 31
\BOOKMARK [1][-]{section.6}{\376\377\0006\000\040\000C\000a\000l\000i\000b\000r\000a\000t\000e\000d\000\040\000U\000A\000S\000:\000\040\000E\000m\000p\000i\000r\000i\000c\000a\000l\000\040\000C\000l\000o\000s\000e\000d\000-\000F\000o\000r\000m\000\040\000E\000x\000t\000e\000n\000s\000i\000o\000n}{}% 32
\BOOKMARK [2][-]{subsection.6.1}{\376\377\0006\000.\0001\000\040\000P\000a\000r\000a\000m\000e\000t\000e\000r\000\040\000S\000e\000m\000a\000n\000t\000i\000c\000s}{section.6}% 33
\BOOKMARK [2][-]{subsection.6.2}{\376\377\0006\000.\0002\000\040\000B\000e\000n\000c\000h\000m\000a\000r\000k\000\040\000P\000a\000r\000a\000m\000e\000t\000e\000r\000s}{section.6}% 34
\BOOKMARK [2][-]{subsection.6.3}{\376\377\0006\000.\0003\000\040\000A\000n\000c\000h\000o\000r\000\040\000B\000e\000n\000c\000h\000m\000a\000r\000k\000\040\000R\000e\000s\000u\000l\000t}{section.6}% 35
\BOOKMARK [1][-]{section.7}{\376\377\0007\000\040\000N\000-\000G\000i\000b\000b\000s\000Q\000:\000\040\000L\000e\000a\000r\000n\000e\000d\000\040\000N\000e\000u\000r\000a\000l\000\040\000P\000o\000l\000i\000c\000y}{}% 36
\BOOKMARK [2][-]{subsection.7.1}{\376\377\0007\000.\0001\000\040\000A\000r\000c\000h\000i\000t\000e\000c\000t\000u\000r\000e}{section.7}% 37
\BOOKMARK [2][-]{subsection.7.2}{\376\377\0007\000.\0002\000\040\000T\000w\000o\000-\000P\000h\000a\000s\000e\000\040\000T\000r\000a\000i\000n\000i\000n\000g\000\040\000P\000i\000p\000e\000l\000i\000n\000e}{section.7}% 38
\BOOKMARK [1][-]{section.8}{\376\377\0008\000\040\000E\000x\000p\000e\000r\000i\000m\000e\000n\000t\000a\000l\000\040\000E\000v\000a\000l\000u\000a\000t\000i\000o\000n}{}% 39
\BOOKMARK [2][-]{subsection.8.1}{\376\377\0008\000.\0001\000\040\000E\000x\000p\000e\000r\000i\000m\000e\000n\000t\000a\000l\000\040\000P\000r\000o\000t\000o\000c\000o\000l}{section.8}% 40
\BOOKMARK [2][-]{subsection.8.2}{\376\377\0008\000.\0002\000\040\000A\000n\000c\000h\000o\000r\000\040\000B\000e\000n\000c\000h\000m\000a\000r\000k\000:\000\040\000P\000o\000l\000i\000c\000y\000\040\000C\000o\000m\000p\000a\000r\000i\000s\000o\000n}{section.8}% 41
\BOOKMARK [2][-]{subsection.8.3}{\376\377\0008\000.\0003\000\040\000A\000b\000l\000a\000t\000i\000o\000n\000\040\000S\000t\000u\000d\000y\000:\000\040\000T\000r\000a\000i\000n\000i\000n\000g\000\040\000D\000e\000s\000i\000g\000n\000\040\000F\000a\000c\000t\000o\000r\000s}{section.8}% 42
\BOOKMARK [2][-]{subsection.8.4}{\376\377\0008\000.\0004\000\040\000S\000t\000a\000t\000i\000s\000t\000i\000c\000a\000l\000\040\000C\000o\000m\000p\000a\000r\000i\000s\000o\000n}{section.8}% 43
\BOOKMARK [2][-]{subsection.8.5}{\376\377\0008\000.\0005\000\040\000G\000e\000n\000e\000r\000a\000l\000i\000z\000a\000t\000i\000o\000n\000\040\000A\000c\000r\000o\000s\000s\000\040\000O\000p\000e\000r\000a\000t\000i\000n\000g\000\040\000R\000e\000g\000i\000m\000e\000s}{section.8}% 44
\BOOKMARK [2][-]{subsection.8.6}{\376\377\0008\000.\0006\000\040\000N\000e\000a\000r\000-\000C\000r\000i\000t\000i\000c\000a\000l\000\040\000L\000o\000a\000d\000\040\000B\000e\000h\000a\000v\000i\000o\000r}{section.8}% 45
\BOOKMARK [2][-]{subsection.8.7}{\376\377\0008\000.\0007\000\040\000T\000h\000e\000o\000r\000y\000-\000C\000o\000n\000s\000i\000s\000t\000e\000n\000c\000y\000\040\000V\000a\000l\000i\000d\000a\000t\000i\000o\000n\000s}{section.8}% 46
\BOOKMARK [1][-]{section.9}{\376\377\0009\000\040\000D\000i\000s\000c\000u\000s\000s\000i\000o\000n\000\040\000a\000n\000d\000\040\000L\000i\000m\000i\000t\000a\000t\000i\000o\000n\000s}{}% 47
\BOOKMARK [2][-]{subsection.9.1}{\376\377\0009\000.\0001\000\040\000T\000h\000e\000\040\000T\000e\000a\000c\000h\000e\000r\000-\000C\000h\000o\000i\000c\000e\000\040\000P\000r\000i\000n\000c\000i\000p\000l\000e}{section.9}% 48
\BOOKMARK [2][-]{subsection.9.2}{\376\377\0009\000.\0002\000\040\000W\000h\000y\000\040\000C\000a\000l\000i\000b\000r\000a\000t\000e\000d\000\040\000U\000A\000S\000\040\000O\000u\000t\000p\000e\000r\000f\000o\000r\000m\000s\000\040\000U\000A\000S}{section.9}% 49
\BOOKMARK [2][-]{subsection.9.3}{\376\377\0009\000.\0003\000\040\000L\000i\000m\000i\000t\000a\000t\000i\000o\000n\000s}{section.9}% 50
\BOOKMARK [2][-]{subsection.9.4}{\376\377\0009\000.\0004\000\040\000F\000u\000t\000u\000r\000e\000\040\000D\000i\000r\000e\000c\000t\000i\000o\000n\000s}{section.9}% 51
\BOOKMARK [1][-]{section.10}{\376\377\0001\0000\000\040\000C\000o\000n\000c\000l\000u\000s\000i\000o\000n\000\040\000a\000n\000d\000\040\000F\000u\000t\000u\000r\000e\000\040\000W\000o\000r\000k}{}% 52
\BOOKMARK [1][-]{appendix.A}{\376\377\000A\000\040\000D\000r\000i\000f\000t\000\040\000V\000e\000r\000i\000f\000i\000c\000a\000t\000i\000o\000n}{}% 53
\BOOKMARK [2][-]{subsection.A.1}{\376\377\000A\000.\0001\000\040\000C\000o\000n\000f\000i\000g\000u\000r\000a\000t\000i\000o\000n}{appendix.A}% 54
\BOOKMARK [2][-]{subsection.A.2}{\376\377\000A\000.\0002\000\040\000R\000e\000s\000u\000l\000t}{appendix.A}% 55
\BOOKMARK [1][-]{appendix.B}{\376\377\000B\000\040\000R\000E\000I\000N\000F\000O\000R\000C\000E\000\040\000G\000r\000a\000d\000i\000e\000n\000t\000\040\000C\000h\000e\000c\000k}{}% 56
\BOOKMARK [2][-]{subsection.B.1}{\376\377\000B\000.\0001\000\040\000M\000e\000t\000h\000o\000d}{appendix.B}% 57
\BOOKMARK [2][-]{subsection.B.2}{\376\377\000B\000.\0002\000\040\000R\000e\000s\000u\000l\000t\000s}{appendix.B}% 58
\BOOKMARK [1][-]{appendix.C}{\376\377\000C\000\040\000T\000r\000a\000i\000n\000i\000n\000g\000\040\000D\000e\000t\000a\000i\000l\000s}{}% 59
\BOOKMARK [2][-]{subsection.C.1}{\376\377\000C\000.\0001\000\040\000P\000h\000a\000s\000e\000\040\0001\000:\000\040\000B\000e\000h\000a\000v\000i\000o\000r\000\040\000C\000l\000o\000n\000i\000n\000g}{appendix.C}% 60
\BOOKMARK [2][-]{subsection.C.2}{\376\377\000C\000.\0002\000\040\000P\000h\000a\000s\000e\000\040\0002\000:\000\040\000R\000E\000I\000N\000F\000O\000R\000C\000E\000\040\000F\000i\000n\000e\000-\000T\000u\000n\000i\000n\000g}{appendix.C}% 61
\BOOKMARK [2][-]{subsection.C.3}{\376\377\000C\000.\0003\000\040\000A\000b\000l\000a\000t\000i\000o\000n\000\040\000V\000a\000r\000i\000a\000n\000t\000\040\000D\000e\000s\000c\000r\000i\000p\000t\000i\000o\000n\000s}{appendix.C}% 62
\BOOKMARK [1][-]{appendix.D}{\376\377\000D\000\040\000S\000t\000r\000e\000s\000s\000\040\000T\000e\000s\000t\000\040\000a\000n\000d\000\040\000S\000t\000a\000b\000i\000l\000i\000t\000y\000\040\000S\000w\000e\000e\000p}{}% 63
\BOOKMARK [2][-]{subsection.D.1}{\376\377\000D\000.\0001\000\040\000S\000t\000r\000e\000s\000s\000\040\000T\000e\000s\000t\000:\000\040\000S\000c\000a\000l\000a\000b\000i\000l\000i\000t\000y}{appendix.D}% 64
\BOOKMARK [2][-]{subsection.D.2}{\376\377\000D\000.\0002\000\040\000A\000l\000p\000h\000a\000\040\000S\000t\000a\000b\000i\000l\000i\000t\000y\000\040\000S\000w\000e\000e\000p}{appendix.D}% 65
\BOOKMARK [1][-]{appendix.E}{\376\377\000E\000\040\000E\000n\000g\000i\000n\000e\000-\000C\000o\000n\000s\000i\000s\000t\000e\000n\000c\000y\000\040\000R\000e\000r\000u\000n\000s}{}% 66
\BOOKMARK [2][-]{subsection.E.1}{\376\377\000E\000.\0001\000\040\000S\000t\000a\000t\000s\000\040\000R\000e\000r\000u\000n}{appendix.E}% 67
\BOOKMARK [2][-]{subsection.E.2}{\376\377\000E\000.\0002\000\040\000G\000e\000n\000e\000r\000a\000l\000i\000z\000e\000\040\000R\000e\000r\000u\000n}{appendix.E}% 68
\BOOKMARK [2][-]{subsection.E.3}{\376\377\000E\000.\0003\000\040\000C\000r\000i\000t\000i\000c\000a\000l\000\040\000R\000e\000r\000u\000n}{appendix.E}% 69
\BOOKMARK [2][-]{subsection.E.4}{\376\377\000E\000.\0004\000\040\000D\000a\000t\000a\000\040\000A\000v\000a\000i\000l\000a\000b\000i\000l\000i\000t\000y}{appendix.E}% 70
